{
    "StackEvents": [
        {
            "StackId": "arn:aws:cloudformation:eu-west-1:977855701381:stack/CBCFStack/9ae2be20-898b-11e7-a9e7-500c42421e36",
            "EventId": "e28313b0-898b-11e7-89cc-500c44f19ed2",
            "StackName": "CBCFStack",
            "LogicalResourceId": "CBCFStack",
            "PhysicalResourceId": "arn:aws:cloudformation:eu-west-1:977855701381:stack/CBCFStack/9ae2be20-898b-11e7-a9e7-500c42421e36",
            "ResourceType": "AWS::CloudFormation::Stack",
            "Timestamp": "2017-08-25T11:52:35.144Z",
            "ResourceStatus": "ROLLBACK_COMPLETE"
        },
        {
            "StackId": "arn:aws:cloudformation:eu-west-1:977855701381:stack/CBCFStack/9ae2be20-898b-11e7-a9e7-500c42421e36",
            "EventId": "ProdAppBucket-DELETE_COMPLETE-2017-08-25T11:52:34.307Z",
            "StackName": "CBCFStack",
            "LogicalResourceId": "ProdAppBucket",
            "PhysicalResourceId": "arn:aws:cloudformation:eu-west-1:977855701381:stack/CBCFStack-ProdAppBucket-1G7MG09U858CP/9dc45a40-898b-11e7-a672-50faf00dcc99",
            "ResourceType": "AWS::CloudFormation::Stack",
            "Timestamp": "2017-08-25T11:52:34.307Z",
            "ResourceStatus": "DELETE_COMPLETE",
            "ResourceProperties": "{\"TemplateURL\":\"https://s3-eu-west-1.amazonaws.com/pru-cloudformation-templates/templates/s3/www-bucket.template\",\"Parameters\":{\"RootDomainZoneID\":\"Z3P3H2NORORNMS\",\"NewSubDomain\":\"prod.spacegoats.co.uk\"},\"TimeoutInMinutes\":\"60\"}\n"
        },
        {
            "StackId": "arn:aws:cloudformation:eu-west-1:977855701381:stack/CBCFStack/9ae2be20-898b-11e7-a9e7-500c42421e36",
            "EventId": "DevAppBucket-DELETE_COMPLETE-2017-08-25T11:52:16.810Z",
            "StackName": "CBCFStack",
            "LogicalResourceId": "DevAppBucket",
            "PhysicalResourceId": "arn:aws:cloudformation:eu-west-1:977855701381:stack/CBCFStack-DevAppBucket-94QPB6TAZMEI/9dc1e940-898b-11e7-8da1-503ac9eaaa35",
            "ResourceType": "AWS::CloudFormation::Stack",
            "Timestamp": "2017-08-25T11:52:16.810Z",
            "ResourceStatus": "DELETE_COMPLETE",
            "ResourceProperties": "{\"TemplateURL\":\"https://s3-eu-west-1.amazonaws.com/pru-cloudformation-templates/templates/s3/www-bucket.template\",\"Parameters\":{\"RootDomainZoneID\":\"Z3P3H2NORORNMS\",\"NewSubDomain\":\"dev.spacegoats.co.uk\"},\"TimeoutInMinutes\":\"60\"}\n"
        },
        {
            "StackId": "arn:aws:cloudformation:eu-west-1:977855701381:stack/CBCFStack/9ae2be20-898b-11e7-a9e7-500c42421e36",
            "EventId": "ProdSecurityRole-DELETE_COMPLETE-2017-08-25T11:51:33.346Z",
            "StackName": "CBCFStack",
            "LogicalResourceId": "ProdSecurityRole",
            "PhysicalResourceId": "arn:aws:cloudformation:eu-west-1:977855701381:stack/CBCFStack-ProdSecurityRole-E5LPSAE661TF/9d7f13e0-898b-11e7-8104-50a686326636",
            "ResourceType": "AWS::CloudFormation::Stack",
            "Timestamp": "2017-08-25T11:51:33.346Z",
            "ResourceStatus": "DELETE_COMPLETE",
            "ResourceProperties": "{\"TemplateURL\":\"https://s3-eu-west-1.amazonaws.com/pru-cloudformation-templates/templates/iam/pipeline-iam.template\",\"Parameters\":{\"BuildProjectName\":\"CBCFBuild-prod\",\"S3StagingBucket\":\"cbcf-staging\",\"RoleName\":\"CBCFRole-prod\",\"PipelineName\":\"CBCFPipeline-prod\",\"CodeCommitProject\":\"cb-test\",\"PolicyName\":\"CBCFPolicy-prod\",\"S3AppBucket\":\"prod.spacegoats.co.uk\"},\"TimeoutInMinutes\":\"60\"}\n"
        },
        {
            "StackId": "arn:aws:cloudformation:eu-west-1:977855701381:stack/CBCFStack/9ae2be20-898b-11e7-a9e7-500c42421e36",
            "EventId": "DevSecurityRole-DELETE_COMPLETE-2017-08-25T11:51:33.242Z",
            "StackName": "CBCFStack",
            "LogicalResourceId": "DevSecurityRole",
            "PhysicalResourceId": "arn:aws:cloudformation:eu-west-1:977855701381:stack/CBCFStack-DevSecurityRole-6S5JAXHI9HDQ/9d85a390-898b-11e7-a6c2-50a68645aed2",
            "ResourceType": "AWS::CloudFormation::Stack",
            "Timestamp": "2017-08-25T11:51:33.242Z",
            "ResourceStatus": "DELETE_COMPLETE",
            "ResourceProperties": "{\"TemplateURL\":\"https://s3-eu-west-1.amazonaws.com/pru-cloudformation-templates/templates/iam/pipeline-iam.template\",\"Parameters\":{\"BuildProjectName\":\"CBCFBuild-dev\",\"S3StagingBucket\":\"cbcf-staging\",\"RoleName\":\"CBCFRole-dev\",\"PipelineName\":\"CBCFPipeline-dev\",\"CodeCommitProject\":\"cb-test\",\"PolicyName\":\"CBCFPolicy-dev\",\"S3AppBucket\":\"dev.spacegoats.co.uk\"},\"TimeoutInMinutes\":\"60\"}\n"
        },
        {
            "StackId": "arn:aws:cloudformation:eu-west-1:977855701381:stack/CBCFStack/9ae2be20-898b-11e7-a9e7-500c42421e36",
            "EventId": "StagingBucket-DELETE_COMPLETE-2017-08-25T11:51:33.061Z",
            "StackName": "CBCFStack",
            "LogicalResourceId": "StagingBucket",
            "PhysicalResourceId": "arn:aws:cloudformation:eu-west-1:977855701381:stack/CBCFStack-StagingBucket-1G5FIKFA962CX/9d9497b0-898b-11e7-a6c2-50a68645aed2",
            "ResourceType": "AWS::CloudFormation::Stack",
            "Timestamp": "2017-08-25T11:51:33.061Z",
            "ResourceStatus": "DELETE_COMPLETE",
            "ResourceProperties": "{\"TemplateURL\":\"https://s3-eu-west-1.amazonaws.com/pru-cloudformation-templates/templates/s3/default-bucket.template\",\"Parameters\":{\"Name\":\"cbcf-staging\"},\"TimeoutInMinutes\":\"60\"}\n"
        },
        {
            "StackId": "arn:aws:cloudformation:eu-west-1:977855701381:stack/CBCFStack/9ae2be20-898b-11e7-a9e7-500c42421e36",
            "EventId": "DevSecurityRole-DELETE_IN_PROGRESS-2017-08-25T11:50:58.691Z",
            "StackName": "CBCFStack",
            "LogicalResourceId": "DevSecurityRole",
            "PhysicalResourceId": "arn:aws:cloudformation:eu-west-1:977855701381:stack/CBCFStack-DevSecurityRole-6S5JAXHI9HDQ/9d85a390-898b-11e7-a6c2-50a68645aed2",
            "ResourceType": "AWS::CloudFormation::Stack",
            "Timestamp": "2017-08-25T11:50:58.691Z",
            "ResourceStatus": "DELETE_IN_PROGRESS",
            "ResourceProperties": "{\"TemplateURL\":\"https://s3-eu-west-1.amazonaws.com/pru-cloudformation-templates/templates/iam/pipeline-iam.template\",\"Parameters\":{\"BuildProjectName\":\"CBCFBuild-dev\",\"S3StagingBucket\":\"cbcf-staging\",\"RoleName\":\"CBCFRole-dev\",\"PipelineName\":\"CBCFPipeline-dev\",\"CodeCommitProject\":\"cb-test\",\"PolicyName\":\"CBCFPolicy-dev\",\"S3AppBucket\":\"dev.spacegoats.co.uk\"},\"TimeoutInMinutes\":\"60\"}\n"
        },
        {
            "StackId": "arn:aws:cloudformation:eu-west-1:977855701381:stack/CBCFStack/9ae2be20-898b-11e7-a9e7-500c42421e36",
            "EventId": "ProdSecurityRole-DELETE_IN_PROGRESS-2017-08-25T11:50:58.667Z",
            "StackName": "CBCFStack",
            "LogicalResourceId": "ProdSecurityRole",
            "PhysicalResourceId": "arn:aws:cloudformation:eu-west-1:977855701381:stack/CBCFStack-ProdSecurityRole-E5LPSAE661TF/9d7f13e0-898b-11e7-8104-50a686326636",
            "ResourceType": "AWS::CloudFormation::Stack",
            "Timestamp": "2017-08-25T11:50:58.667Z",
            "ResourceStatus": "DELETE_IN_PROGRESS",
            "ResourceProperties": "{\"TemplateURL\":\"https://s3-eu-west-1.amazonaws.com/pru-cloudformation-templates/templates/iam/pipeline-iam.template\",\"Parameters\":{\"BuildProjectName\":\"CBCFBuild-prod\",\"S3StagingBucket\":\"cbcf-staging\",\"RoleName\":\"CBCFRole-prod\",\"PipelineName\":\"CBCFPipeline-prod\",\"CodeCommitProject\":\"cb-test\",\"PolicyName\":\"CBCFPolicy-prod\",\"S3AppBucket\":\"prod.spacegoats.co.uk\"},\"TimeoutInMinutes\":\"60\"}\n"
        },
        {
            "StackId": "arn:aws:cloudformation:eu-west-1:977855701381:stack/CBCFStack/9ae2be20-898b-11e7-a9e7-500c42421e36",
            "EventId": "DevAppBucket-DELETE_IN_PROGRESS-2017-08-25T11:50:58.618Z",
            "StackName": "CBCFStack",
            "LogicalResourceId": "DevAppBucket",
            "PhysicalResourceId": "arn:aws:cloudformation:eu-west-1:977855701381:stack/CBCFStack-DevAppBucket-94QPB6TAZMEI/9dc1e940-898b-11e7-8da1-503ac9eaaa35",
            "ResourceType": "AWS::CloudFormation::Stack",
            "Timestamp": "2017-08-25T11:50:58.618Z",
            "ResourceStatus": "DELETE_IN_PROGRESS",
            "ResourceProperties": "{\"TemplateURL\":\"https://s3-eu-west-1.amazonaws.com/pru-cloudformation-templates/templates/s3/www-bucket.template\",\"Parameters\":{\"RootDomainZoneID\":\"Z3P3H2NORORNMS\",\"NewSubDomain\":\"dev.spacegoats.co.uk\"},\"TimeoutInMinutes\":\"60\"}\n"
        },
        {
            "StackId": "arn:aws:cloudformation:eu-west-1:977855701381:stack/CBCFStack/9ae2be20-898b-11e7-a9e7-500c42421e36",
            "EventId": "ProdAppBucket-DELETE_IN_PROGRESS-2017-08-25T11:50:58.596Z",
            "StackName": "CBCFStack",
            "LogicalResourceId": "ProdAppBucket",
            "PhysicalResourceId": "arn:aws:cloudformation:eu-west-1:977855701381:stack/CBCFStack-ProdAppBucket-1G7MG09U858CP/9dc45a40-898b-11e7-a672-50faf00dcc99",
            "ResourceType": "AWS::CloudFormation::Stack",
            "Timestamp": "2017-08-25T11:50:58.596Z",
            "ResourceStatus": "DELETE_IN_PROGRESS",
            "ResourceProperties": "{\"TemplateURL\":\"https://s3-eu-west-1.amazonaws.com/pru-cloudformation-templates/templates/s3/www-bucket.template\",\"Parameters\":{\"RootDomainZoneID\":\"Z3P3H2NORORNMS\",\"NewSubDomain\":\"prod.spacegoats.co.uk\"},\"TimeoutInMinutes\":\"60\"}\n"
        },
        {
            "StackId": "arn:aws:cloudformation:eu-west-1:977855701381:stack/CBCFStack/9ae2be20-898b-11e7-a9e7-500c42421e36",
            "EventId": "StagingBucket-DELETE_IN_PROGRESS-2017-08-25T11:50:58.354Z",
            "StackName": "CBCFStack",
            "LogicalResourceId": "StagingBucket",
            "PhysicalResourceId": "arn:aws:cloudformation:eu-west-1:977855701381:stack/CBCFStack-StagingBucket-1G5FIKFA962CX/9d9497b0-898b-11e7-a6c2-50a68645aed2",
            "ResourceType": "AWS::CloudFormation::Stack",
            "Timestamp": "2017-08-25T11:50:58.354Z",
            "ResourceStatus": "DELETE_IN_PROGRESS",
            "ResourceProperties": "{\"TemplateURL\":\"https://s3-eu-west-1.amazonaws.com/pru-cloudformation-templates/templates/s3/default-bucket.template\",\"Parameters\":{\"Name\":\"cbcf-staging\"},\"TimeoutInMinutes\":\"60\"}\n"
        },
        {
            "StackId": "arn:aws:cloudformation:eu-west-1:977855701381:stack/CBCFStack/9ae2be20-898b-11e7-a9e7-500c42421e36",
            "EventId": "a5960020-898b-11e7-82b9-50faeb5524d2",
            "StackName": "CBCFStack",
            "LogicalResourceId": "CBCFStack",
            "PhysicalResourceId": "arn:aws:cloudformation:eu-west-1:977855701381:stack/CBCFStack/9ae2be20-898b-11e7-a9e7-500c42421e36",
            "ResourceType": "AWS::CloudFormation::Stack",
            "Timestamp": "2017-08-25T11:50:52.923Z",
            "ResourceStatus": "ROLLBACK_IN_PROGRESS",
            "ResourceStatusReason": "The following resource(s) failed to create: [DevAppBucket, DevSecurityRole, ProdAppBucket, ProdSecurityRole, StagingBucket]. . Rollback requested by user."
        },
        {
            "StackId": "arn:aws:cloudformation:eu-west-1:977855701381:stack/CBCFStack/9ae2be20-898b-11e7-a9e7-500c42421e36",
            "EventId": "ProdSecurityRole-CREATE_FAILED-2017-08-25T11:50:51.748Z",
            "StackName": "CBCFStack",
            "LogicalResourceId": "ProdSecurityRole",
            "PhysicalResourceId": "arn:aws:cloudformation:eu-west-1:977855701381:stack/CBCFStack-ProdSecurityRole-E5LPSAE661TF/9d7f13e0-898b-11e7-8104-50a686326636",
            "ResourceType": "AWS::CloudFormation::Stack",
            "Timestamp": "2017-08-25T11:50:51.748Z",
            "ResourceStatus": "CREATE_FAILED",
            "ResourceStatusReason": "Resource creation cancelled",
            "ResourceProperties": "{\"TemplateURL\":\"https://s3-eu-west-1.amazonaws.com/pru-cloudformation-templates/templates/iam/pipeline-iam.template\",\"Parameters\":{\"BuildProjectName\":\"CBCFBuild-prod\",\"S3StagingBucket\":\"cbcf-staging\",\"RoleName\":\"CBCFRole-prod\",\"PipelineName\":\"CBCFPipeline-prod\",\"CodeCommitProject\":\"cb-test\",\"PolicyName\":\"CBCFPolicy-prod\",\"S3AppBucket\":\"prod.spacegoats.co.uk\"},\"TimeoutInMinutes\":\"60\"}\n"
        },
        {
            "StackId": "arn:aws:cloudformation:eu-west-1:977855701381:stack/CBCFStack/9ae2be20-898b-11e7-a9e7-500c42421e36",
            "EventId": "ProdAppBucket-CREATE_FAILED-2017-08-25T11:50:51.744Z",
            "StackName": "CBCFStack",
            "LogicalResourceId": "ProdAppBucket",
            "PhysicalResourceId": "arn:aws:cloudformation:eu-west-1:977855701381:stack/CBCFStack-ProdAppBucket-1G7MG09U858CP/9dc45a40-898b-11e7-a672-50faf00dcc99",
            "ResourceType": "AWS::CloudFormation::Stack",
            "Timestamp": "2017-08-25T11:50:51.744Z",
            "ResourceStatus": "CREATE_FAILED",
            "ResourceStatusReason": "Resource creation cancelled",
            "ResourceProperties": "{\"TemplateURL\":\"https://s3-eu-west-1.amazonaws.com/pru-cloudformation-templates/templates/s3/www-bucket.template\",\"Parameters\":{\"RootDomainZoneID\":\"Z3P3H2NORORNMS\",\"NewSubDomain\":\"prod.spacegoats.co.uk\"},\"TimeoutInMinutes\":\"60\"}\n"
        },
        {
            "StackId": "arn:aws:cloudformation:eu-west-1:977855701381:stack/CBCFStack/9ae2be20-898b-11e7-a9e7-500c42421e36",
            "EventId": "DevSecurityRole-CREATE_FAILED-2017-08-25T11:50:51.725Z",
            "StackName": "CBCFStack",
            "LogicalResourceId": "DevSecurityRole",
            "PhysicalResourceId": "arn:aws:cloudformation:eu-west-1:977855701381:stack/CBCFStack-DevSecurityRole-6S5JAXHI9HDQ/9d85a390-898b-11e7-a6c2-50a68645aed2",
            "ResourceType": "AWS::CloudFormation::Stack",
            "Timestamp": "2017-08-25T11:50:51.725Z",
            "ResourceStatus": "CREATE_FAILED",
            "ResourceStatusReason": "Resource creation cancelled",
            "ResourceProperties": "{\"TemplateURL\":\"https://s3-eu-west-1.amazonaws.com/pru-cloudformation-templates/templates/iam/pipeline-iam.template\",\"Parameters\":{\"BuildProjectName\":\"CBCFBuild-dev\",\"S3StagingBucket\":\"cbcf-staging\",\"RoleName\":\"CBCFRole-dev\",\"PipelineName\":\"CBCFPipeline-dev\",\"CodeCommitProject\":\"cb-test\",\"PolicyName\":\"CBCFPolicy-dev\",\"S3AppBucket\":\"dev.spacegoats.co.uk\"},\"TimeoutInMinutes\":\"60\"}\n"
        },
        {
            "StackId": "arn:aws:cloudformation:eu-west-1:977855701381:stack/CBCFStack/9ae2be20-898b-11e7-a9e7-500c42421e36",
            "EventId": "StagingBucket-CREATE_FAILED-2017-08-25T11:50:51.721Z",
            "StackName": "CBCFStack",
            "LogicalResourceId": "StagingBucket",
            "PhysicalResourceId": "arn:aws:cloudformation:eu-west-1:977855701381:stack/CBCFStack-StagingBucket-1G5FIKFA962CX/9d9497b0-898b-11e7-a6c2-50a68645aed2",
            "ResourceType": "AWS::CloudFormation::Stack",
            "Timestamp": "2017-08-25T11:50:51.721Z",
            "ResourceStatus": "CREATE_FAILED",
            "ResourceStatusReason": "Resource creation cancelled",
            "ResourceProperties": "{\"TemplateURL\":\"https://s3-eu-west-1.amazonaws.com/pru-cloudformation-templates/templates/s3/default-bucket.template\",\"Parameters\":{\"Name\":\"cbcf-staging\"},\"TimeoutInMinutes\":\"60\"}\n"
        },
        {
            "StackId": "arn:aws:cloudformation:eu-west-1:977855701381:stack/CBCFStack/9ae2be20-898b-11e7-a9e7-500c42421e36",
            "EventId": "DevAppBucket-CREATE_FAILED-2017-08-25T11:50:50.860Z",
            "StackName": "CBCFStack",
            "LogicalResourceId": "DevAppBucket",
            "PhysicalResourceId": "arn:aws:cloudformation:eu-west-1:977855701381:stack/CBCFStack-DevAppBucket-94QPB6TAZMEI/9dc1e940-898b-11e7-8da1-503ac9eaaa35",
            "ResourceType": "AWS::CloudFormation::Stack",
            "Timestamp": "2017-08-25T11:50:50.860Z",
            "ResourceStatus": "CREATE_FAILED",
            "ResourceStatusReason": "Embedded stack arn:aws:cloudformation:eu-west-1:977855701381:stack/CBCFStack-DevAppBucket-94QPB6TAZMEI/9dc1e940-898b-11e7-8da1-503ac9eaaa35 was not successfully created: The following resource(s) failed to create: [AppBucket, DefaultZone, WebsiteBucket]. ",
            "ResourceProperties": "{\"TemplateURL\":\"https://s3-eu-west-1.amazonaws.com/pru-cloudformation-templates/templates/s3/www-bucket.template\",\"Parameters\":{\"RootDomainZoneID\":\"Z3P3H2NORORNMS\",\"NewSubDomain\":\"dev.spacegoats.co.uk\"},\"TimeoutInMinutes\":\"60\"}\n"
        },
        {
            "StackId": "arn:aws:cloudformation:eu-west-1:977855701381:stack/CBCFStack/9ae2be20-898b-11e7-a9e7-500c42421e36",
            "EventId": "DevAppBucket-CREATE_IN_PROGRESS-2017-08-25T11:50:40.182Z",
            "StackName": "CBCFStack",
            "LogicalResourceId": "DevAppBucket",
            "PhysicalResourceId": "arn:aws:cloudformation:eu-west-1:977855701381:stack/CBCFStack-DevAppBucket-94QPB6TAZMEI/9dc1e940-898b-11e7-8da1-503ac9eaaa35",
            "ResourceType": "AWS::CloudFormation::Stack",
            "Timestamp": "2017-08-25T11:50:40.182Z",
            "ResourceStatus": "CREATE_IN_PROGRESS",
            "ResourceStatusReason": "Resource creation Initiated",
            "ResourceProperties": "{\"TemplateURL\":\"https://s3-eu-west-1.amazonaws.com/pru-cloudformation-templates/templates/s3/www-bucket.template\",\"Parameters\":{\"RootDomainZoneID\":\"Z3P3H2NORORNMS\",\"NewSubDomain\":\"dev.spacegoats.co.uk\"},\"TimeoutInMinutes\":\"60\"}\n"
        },
        {
            "StackId": "arn:aws:cloudformation:eu-west-1:977855701381:stack/CBCFStack/9ae2be20-898b-11e7-a9e7-500c42421e36",
            "EventId": "ProdAppBucket-CREATE_IN_PROGRESS-2017-08-25T11:50:40.173Z",
            "StackName": "CBCFStack",
            "LogicalResourceId": "ProdAppBucket",
            "PhysicalResourceId": "arn:aws:cloudformation:eu-west-1:977855701381:stack/CBCFStack-ProdAppBucket-1G7MG09U858CP/9dc45a40-898b-11e7-a672-50faf00dcc99",
            "ResourceType": "AWS::CloudFormation::Stack",
            "Timestamp": "2017-08-25T11:50:40.173Z",
            "ResourceStatus": "CREATE_IN_PROGRESS",
            "ResourceStatusReason": "Resource creation Initiated",
            "ResourceProperties": "{\"TemplateURL\":\"https://s3-eu-west-1.amazonaws.com/pru-cloudformation-templates/templates/s3/www-bucket.template\",\"Parameters\":{\"RootDomainZoneID\":\"Z3P3H2NORORNMS\",\"NewSubDomain\":\"prod.spacegoats.co.uk\"},\"TimeoutInMinutes\":\"60\"}\n"
        },
        {
            "StackId": "arn:aws:cloudformation:eu-west-1:977855701381:stack/CBCFStack/9ae2be20-898b-11e7-a9e7-500c42421e36",
            "EventId": "StagingBucket-CREATE_IN_PROGRESS-2017-08-25T11:50:39.861Z",
            "StackName": "CBCFStack",
            "LogicalResourceId": "StagingBucket",
            "PhysicalResourceId": "arn:aws:cloudformation:eu-west-1:977855701381:stack/CBCFStack-StagingBucket-1G5FIKFA962CX/9d9497b0-898b-11e7-a6c2-50a68645aed2",
            "ResourceType": "AWS::CloudFormation::Stack",
            "Timestamp": "2017-08-25T11:50:39.861Z",
            "ResourceStatus": "CREATE_IN_PROGRESS",
            "ResourceStatusReason": "Resource creation Initiated",
            "ResourceProperties": "{\"TemplateURL\":\"https://s3-eu-west-1.amazonaws.com/pru-cloudformation-templates/templates/s3/default-bucket.template\",\"Parameters\":{\"Name\":\"cbcf-staging\"},\"TimeoutInMinutes\":\"60\"}\n"
        },
        {
            "StackId": "arn:aws:cloudformation:eu-west-1:977855701381:stack/CBCFStack/9ae2be20-898b-11e7-a9e7-500c42421e36",
            "EventId": "DevSecurityRole-CREATE_IN_PROGRESS-2017-08-25T11:50:39.806Z",
            "StackName": "CBCFStack",
            "LogicalResourceId": "DevSecurityRole",
            "PhysicalResourceId": "arn:aws:cloudformation:eu-west-1:977855701381:stack/CBCFStack-DevSecurityRole-6S5JAXHI9HDQ/9d85a390-898b-11e7-a6c2-50a68645aed2",
            "ResourceType": "AWS::CloudFormation::Stack",
            "Timestamp": "2017-08-25T11:50:39.806Z",
            "ResourceStatus": "CREATE_IN_PROGRESS",
            "ResourceStatusReason": "Resource creation Initiated",
            "ResourceProperties": "{\"TemplateURL\":\"https://s3-eu-west-1.amazonaws.com/pru-cloudformation-templates/templates/iam/pipeline-iam.template\",\"Parameters\":{\"BuildProjectName\":\"CBCFBuild-dev\",\"S3StagingBucket\":\"cbcf-staging\",\"RoleName\":\"CBCFRole-dev\",\"PipelineName\":\"CBCFPipeline-dev\",\"CodeCommitProject\":\"cb-test\",\"PolicyName\":\"CBCFPolicy-dev\",\"S3AppBucket\":\"dev.spacegoats.co.uk\"},\"TimeoutInMinutes\":\"60\"}\n"
        },
        {
            "StackId": "arn:aws:cloudformation:eu-west-1:977855701381:stack/CBCFStack/9ae2be20-898b-11e7-a9e7-500c42421e36",
            "EventId": "ProdSecurityRole-CREATE_IN_PROGRESS-2017-08-25T11:50:39.769Z",
            "StackName": "CBCFStack",
            "LogicalResourceId": "ProdSecurityRole",
            "PhysicalResourceId": "arn:aws:cloudformation:eu-west-1:977855701381:stack/CBCFStack-ProdSecurityRole-E5LPSAE661TF/9d7f13e0-898b-11e7-8104-50a686326636",
            "ResourceType": "AWS::CloudFormation::Stack",
            "Timestamp": "2017-08-25T11:50:39.769Z",
            "ResourceStatus": "CREATE_IN_PROGRESS",
            "ResourceStatusReason": "Resource creation Initiated",
            "ResourceProperties": "{\"TemplateURL\":\"https://s3-eu-west-1.amazonaws.com/pru-cloudformation-templates/templates/iam/pipeline-iam.template\",\"Parameters\":{\"BuildProjectName\":\"CBCFBuild-prod\",\"S3StagingBucket\":\"cbcf-staging\",\"RoleName\":\"CBCFRole-prod\",\"PipelineName\":\"CBCFPipeline-prod\",\"CodeCommitProject\":\"cb-test\",\"PolicyName\":\"CBCFPolicy-prod\",\"S3AppBucket\":\"prod.spacegoats.co.uk\"},\"TimeoutInMinutes\":\"60\"}\n"
        },
        {
            "StackId": "arn:aws:cloudformation:eu-west-1:977855701381:stack/CBCFStack/9ae2be20-898b-11e7-a9e7-500c42421e36",
            "EventId": "ProdAppBucket-CREATE_IN_PROGRESS-2017-08-25T11:50:39.242Z",
            "StackName": "CBCFStack",
            "LogicalResourceId": "ProdAppBucket",
            "PhysicalResourceId": "",
            "ResourceType": "AWS::CloudFormation::Stack",
            "Timestamp": "2017-08-25T11:50:39.242Z",
            "ResourceStatus": "CREATE_IN_PROGRESS",
            "ResourceProperties": "{\"TemplateURL\":\"https://s3-eu-west-1.amazonaws.com/pru-cloudformation-templates/templates/s3/www-bucket.template\",\"Parameters\":{\"RootDomainZoneID\":\"Z3P3H2NORORNMS\",\"NewSubDomain\":\"prod.spacegoats.co.uk\"},\"TimeoutInMinutes\":\"60\"}\n"
        },
        {
            "StackId": "arn:aws:cloudformation:eu-west-1:977855701381:stack/CBCFStack/9ae2be20-898b-11e7-a9e7-500c42421e36",
            "EventId": "DevAppBucket-CREATE_IN_PROGRESS-2017-08-25T11:50:39.225Z",
            "StackName": "CBCFStack",
            "LogicalResourceId": "DevAppBucket",
            "PhysicalResourceId": "",
            "ResourceType": "AWS::CloudFormation::Stack",
            "Timestamp": "2017-08-25T11:50:39.225Z",
            "ResourceStatus": "CREATE_IN_PROGRESS",
            "ResourceProperties": "{\"TemplateURL\":\"https://s3-eu-west-1.amazonaws.com/pru-cloudformation-templates/templates/s3/www-bucket.template\",\"Parameters\":{\"RootDomainZoneID\":\"Z3P3H2NORORNMS\",\"NewSubDomain\":\"dev.spacegoats.co.uk\"},\"TimeoutInMinutes\":\"60\"}\n"
        },
        {
            "StackId": "arn:aws:cloudformation:eu-west-1:977855701381:stack/CBCFStack/9ae2be20-898b-11e7-a9e7-500c42421e36",
            "EventId": "StagingBucket-CREATE_IN_PROGRESS-2017-08-25T11:50:38.905Z",
            "StackName": "CBCFStack",
            "LogicalResourceId": "StagingBucket",
            "PhysicalResourceId": "",
            "ResourceType": "AWS::CloudFormation::Stack",
            "Timestamp": "2017-08-25T11:50:38.905Z",
            "ResourceStatus": "CREATE_IN_PROGRESS",
            "ResourceProperties": "{\"TemplateURL\":\"https://s3-eu-west-1.amazonaws.com/pru-cloudformation-templates/templates/s3/default-bucket.template\",\"Parameters\":{\"Name\":\"cbcf-staging\"},\"TimeoutInMinutes\":\"60\"}\n"
        },
        {
            "StackId": "arn:aws:cloudformation:eu-west-1:977855701381:stack/CBCFStack/9ae2be20-898b-11e7-a9e7-500c42421e36",
            "EventId": "DevSecurityRole-CREATE_IN_PROGRESS-2017-08-25T11:50:38.884Z",
            "StackName": "CBCFStack",
            "LogicalResourceId": "DevSecurityRole",
            "PhysicalResourceId": "",
            "ResourceType": "AWS::CloudFormation::Stack",
            "Timestamp": "2017-08-25T11:50:38.884Z",
            "ResourceStatus": "CREATE_IN_PROGRESS",
            "ResourceProperties": "{\"TemplateURL\":\"https://s3-eu-west-1.amazonaws.com/pru-cloudformation-templates/templates/iam/pipeline-iam.template\",\"Parameters\":{\"BuildProjectName\":\"CBCFBuild-dev\",\"S3StagingBucket\":\"cbcf-staging\",\"RoleName\":\"CBCFRole-dev\",\"PipelineName\":\"CBCFPipeline-dev\",\"CodeCommitProject\":\"cb-test\",\"PolicyName\":\"CBCFPolicy-dev\",\"S3AppBucket\":\"dev.spacegoats.co.uk\"},\"TimeoutInMinutes\":\"60\"}\n"
        },
        {
            "StackId": "arn:aws:cloudformation:eu-west-1:977855701381:stack/CBCFStack/9ae2be20-898b-11e7-a9e7-500c42421e36",
            "EventId": "ProdSecurityRole-CREATE_IN_PROGRESS-2017-08-25T11:50:38.739Z",
            "StackName": "CBCFStack",
            "LogicalResourceId": "ProdSecurityRole",
            "PhysicalResourceId": "",
            "ResourceType": "AWS::CloudFormation::Stack",
            "Timestamp": "2017-08-25T11:50:38.739Z",
            "ResourceStatus": "CREATE_IN_PROGRESS",
            "ResourceProperties": "{\"TemplateURL\":\"https://s3-eu-west-1.amazonaws.com/pru-cloudformation-templates/templates/iam/pipeline-iam.template\",\"Parameters\":{\"BuildProjectName\":\"CBCFBuild-prod\",\"S3StagingBucket\":\"cbcf-staging\",\"RoleName\":\"CBCFRole-prod\",\"PipelineName\":\"CBCFPipeline-prod\",\"CodeCommitProject\":\"cb-test\",\"PolicyName\":\"CBCFPolicy-prod\",\"S3AppBucket\":\"prod.spacegoats.co.uk\"},\"TimeoutInMinutes\":\"60\"}\n"
        },
        {
            "StackId": "arn:aws:cloudformation:eu-west-1:977855701381:stack/CBCFStack/9ae2be20-898b-11e7-a9e7-500c42421e36",
            "EventId": "9ae38170-898b-11e7-a9e7-500c42421e36",
            "StackName": "CBCFStack",
            "LogicalResourceId": "CBCFStack",
            "PhysicalResourceId": "arn:aws:cloudformation:eu-west-1:977855701381:stack/CBCFStack/9ae2be20-898b-11e7-a9e7-500c42421e36",
            "ResourceType": "AWS::CloudFormation::Stack",
            "Timestamp": "2017-08-25T11:50:35.096Z",
            "ResourceStatus": "CREATE_IN_PROGRESS",
            "ResourceStatusReason": "User Initiated"
        }
    ]
}
